2026-03-31 14:51:56,645 - __main__ - INFO - Initialized Pi runner: pi-node-1 (node_id=1)
2026-03-31 14:51:56,646 - __main__ - INFO - Backend: http://localhost:8000
2026-03-31 14:51:56,646 - __main__ - INFO - Experiment mode: E1_candidate_selection
2026-03-31 14:51:56,646 - __main__ - INFO - Fault injection: enabled
2026-03-31 14:51:56,646 - __main__ - INFO - ================================================================================
2026-03-31 14:51:56,646 - __main__ - INFO - EXPERIMENT E1: CANDIDATE SELECTION
2026-03-31 14:51:56,646 - __main__ - INFO - ================================================================================
2026-03-31 14:51:56,689 - __main__ - INFO - ✓ Backend modules loaded successfully
2026-03-31 14:51:56,689 - __main__ - INFO - 
Trial 1/3
2026-03-31 14:51:56,689 - __main__ - INFO - ----------------------------------------
2026-03-31 14:51:56,689 - __main__ - INFO - Current temperature: 26.5°C
2026-03-31 14:51:56,690 - __main__ - INFO - Fault injected: +5°C → 31.5°C
2026-03-31 14:51:56,690 - modules.adaptation_engine - INFO - [MONITOR] Node 1: T=31.54°C, fan=0.0%, fault=True
2026-03-31 14:51:56,690 - modules.adaptation_engine - INFO - [ANALYZE] Fault: True, Uncertainty: None, Error: None
2026-03-31 14:51:56,694 - modules.adaptation_engine - INFO - [PLAN] Generated 5 candidates, 5 effective. Best: fan_0pct
2026-03-31 14:51:56,694 - modules.adaptation_engine - INFO - [EXECUTE] Dispatching: fan_0pct (fan 0%) - Effectiveness 90.0%, Cost score 100.0%
2026-03-31 14:51:56,694 - __main__ - INFO - Adaptation decision: fan_0pct
2026-03-31 14:51:56,694 - __main__ - INFO - Fan speed: 0%
2026-03-31 14:51:56,695 - __main__ - INFO - Effectiveness: 90.0%
2026-03-31 14:51:56,695 - __main__ - INFO - Fan control: 0%
2026-03-31 14:51:58,699 - __main__ - INFO - 
Trial 2/3
2026-03-31 14:51:58,699 - __main__ - INFO - ----------------------------------------
2026-03-31 14:51:58,700 - __main__ - INFO - Current temperature: 25.6°C
2026-03-31 14:51:58,700 - __main__ - INFO - Fault injected: +5°C → 30.6°C
2026-03-31 14:51:58,700 - modules.adaptation_engine - INFO - [MONITOR] Node 1: T=30.63°C, fan=0.0%, fault=True
2026-03-31 14:51:58,700 - modules.adaptation_engine - INFO - [ANALYZE] Fault: True, Uncertainty: None, Error: None
2026-03-31 14:51:58,701 - modules.adaptation_engine - INFO - [PLAN] Generated 5 candidates, 5 effective. Best: fan_0pct
2026-03-31 14:51:58,701 - modules.adaptation_engine - INFO - [EXECUTE] Dispatching: fan_0pct (fan 0%) - Effectiveness 90.0%, Cost score 100.0%
2026-03-31 14:51:58,705 - __main__ - INFO - Adaptation decision: fan_0pct
2026-03-31 14:51:58,705 - __main__ - INFO - Fan speed: 0%
2026-03-31 14:51:58,705 - __main__ - INFO - Effectiveness: 90.0%
2026-03-31 14:51:58,705 - __main__ - INFO - Fan control: 0%
2026-03-31 14:52:00,709 - __main__ - INFO - 
Trial 3/3
2026-03-31 14:52:00,710 - __main__ - INFO - ----------------------------------------
2026-03-31 14:52:00,710 - __main__ - INFO - Current temperature: 23.8°C
2026-03-31 14:52:00,710 - __main__ - INFO - Fault injected: +5°C → 28.8°C
2026-03-31 14:52:00,710 - modules.adaptation_engine - INFO - [MONITOR] Node 1: T=28.84°C, fan=0.0%, fault=True
2026-03-31 14:52:00,710 - modules.adaptation_engine - INFO - [ANALYZE] Fault: False, Uncertainty: None, Error: None
2026-03-31 14:52:00,710 - __main__ - WARNING - No decision made
2026-03-31 14:52:02,715 - __main__ - INFO - 
E1 Summary: 2/3 trials successful
2026-03-31 14:52:02,756 - __main__ - WARNING - ✗ Backend returned status 404
2026-03-31 14:52:02,758 - __main__ - INFO - Results saved to: /Users/likhithkanigolla/IIITH/code-files/Digital-Twin/digital-twin-v2/demo-board-hardware-code/pi_deployment/results/E1_candidate_selection_20260331_145202.json
2026-03-31 14:52:43,862 - __main__ - INFO - Initialized Pi runner: pi-node-1 (node_id=1)
2026-03-31 14:52:43,863 - __main__ - INFO - Backend: http://localhost:8000
2026-03-31 14:52:43,863 - __main__ - INFO - Experiment mode: E1_candidate_selection
2026-03-31 14:52:43,863 - __main__ - INFO - Fault injection: enabled
2026-03-31 14:52:43,863 - __main__ - INFO - ================================================================================
2026-03-31 14:52:43,863 - __main__ - INFO - EXPERIMENT E1: CANDIDATE SELECTION
2026-03-31 14:52:43,863 - __main__ - INFO - ================================================================================
2026-03-31 14:52:43,876 - __main__ - INFO - ✓ Backend modules loaded successfully
2026-03-31 14:52:43,876 - __main__ - INFO - 
Trial 1/3
2026-03-31 14:52:43,876 - __main__ - INFO - ----------------------------------------
2026-03-31 14:52:43,876 - __main__ - INFO - Current temperature: 24.5°C
2026-03-31 14:52:43,876 - __main__ - INFO - Fault injected: +5°C → 29.5°C
2026-03-31 14:52:43,876 - modules.adaptation_engine - INFO - [MONITOR] Node 1: T=29.50°C, fan=0.0%, fault=True
2026-03-31 14:52:43,876 - modules.adaptation_engine - INFO - [ANALYZE] Fault: False, Uncertainty: None, Error: None
2026-03-31 14:52:43,876 - __main__ - WARNING - No decision made
2026-03-31 14:52:45,879 - __main__ - INFO - 
Trial 2/3
2026-03-31 14:52:45,879 - __main__ - INFO - ----------------------------------------
2026-03-31 14:52:45,879 - __main__ - INFO - Current temperature: 26.4°C
2026-03-31 14:52:45,879 - __main__ - INFO - Fault injected: +5°C → 31.4°C
2026-03-31 14:52:45,880 - modules.adaptation_engine - INFO - [MONITOR] Node 1: T=31.38°C, fan=0.0%, fault=True
2026-03-31 14:52:45,880 - modules.adaptation_engine - INFO - [ANALYZE] Fault: True, Uncertainty: None, Error: None
2026-03-31 14:52:45,881 - modules.adaptation_engine - INFO - [PLAN] Generated 5 candidates, 5 effective. Best: fan_0pct
2026-03-31 14:52:45,881 - modules.adaptation_engine - INFO - [EXECUTE] Dispatching: fan_0pct (fan 0%) - Effectiveness 90.0%, Cost score 100.0%
2026-03-31 14:52:45,882 - __main__ - INFO - Adaptation decision: fan_0pct
2026-03-31 14:52:45,882 - __main__ - INFO - Fan speed: 0%
2026-03-31 14:52:45,882 - __main__ - INFO - Effectiveness: 90.0%
2026-03-31 14:52:45,882 - __main__ - INFO - Fan control: 0%
2026-03-31 14:52:47,884 - __main__ - INFO - 
Trial 3/3
2026-03-31 14:52:47,884 - __main__ - INFO - ----------------------------------------
2026-03-31 14:52:47,884 - __main__ - INFO - Current temperature: 26.9°C
2026-03-31 14:52:47,884 - __main__ - INFO - Fault injected: +5°C → 31.9°C
2026-03-31 14:52:47,884 - modules.adaptation_engine - INFO - [MONITOR] Node 1: T=31.92°C, fan=0.0%, fault=True
2026-03-31 14:52:47,884 - modules.adaptation_engine - INFO - [ANALYZE] Fault: True, Uncertainty: None, Error: None
2026-03-31 14:52:47,884 - modules.adaptation_engine - INFO - [PLAN] Generated 5 candidates, 5 effective. Best: fan_0pct
2026-03-31 14:52:47,885 - modules.adaptation_engine - INFO - [EXECUTE] Dispatching: fan_0pct (fan 0%) - Effectiveness 90.0%, Cost score 100.0%
2026-03-31 14:52:47,885 - __main__ - INFO - Adaptation decision: fan_0pct
2026-03-31 14:52:47,885 - __main__ - INFO - Fan speed: 0%
2026-03-31 14:52:47,885 - __main__ - INFO - Effectiveness: 90.0%
2026-03-31 14:52:47,885 - __main__ - INFO - Fan control: 0%
2026-03-31 14:52:49,889 - __main__ - INFO - 
E1 Summary: 2/3 trials successful
2026-03-31 14:52:49,909 - __main__ - WARNING - ✗ Backend returned status 404
2026-03-31 14:52:49,909 - __main__ - INFO - Results saved to: /Users/likhithkanigolla/IIITH/code-files/Digital-Twin/digital-twin-v2/demo-board-hardware-code/pi_deployment/results/E1_candidate_selection_20260331_145249.json
2026-03-31 14:53:46,299 - __main__ - INFO - Initialized Pi runner: pi-node-1 (node_id=1)
2026-03-31 14:53:46,299 - __main__ - INFO - Backend: http://localhost:8000
2026-03-31 14:53:46,299 - __main__ - INFO - Experiment mode: E1_candidate_selection
2026-03-31 14:53:46,300 - __main__ - INFO - Fault injection: enabled
2026-03-31 14:53:46,300 - __main__ - INFO - ================================================================================
2026-03-31 14:53:46,300 - __main__ - INFO - EXPERIMENT E1: CANDIDATE SELECTION
2026-03-31 14:53:46,300 - __main__ - INFO - ================================================================================
2026-03-31 14:53:46,311 - __main__ - INFO - ✓ Backend modules loaded successfully
2026-03-31 14:53:46,311 - __main__ - INFO - 
Trial 1/3
2026-03-31 14:53:46,311 - __main__ - INFO - ----------------------------------------
2026-03-31 14:53:46,311 - __main__ - INFO - Current temperature: 25.8°C
2026-03-31 14:53:46,311 - __main__ - INFO - Fault injected: +5°C → 30.8°C
2026-03-31 14:53:46,311 - modules.adaptation_engine - INFO - [MONITOR] Node 1: T=30.79°C, fan=0.0%, fault=True
2026-03-31 14:53:46,311 - modules.adaptation_engine - INFO - [ANALYZE] Fault: True, Uncertainty: None, Error: None
2026-03-31 14:53:46,312 - modules.adaptation_engine - INFO - [PLAN] Generated 5 candidates, 5 effective. Best: fan_0pct
2026-03-31 14:53:46,312 - modules.adaptation_engine - INFO - [EXECUTE] Dispatching: fan_0pct (fan 0%) - Effectiveness 90.0%, Cost score 100.0%
2026-03-31 14:53:46,312 - __main__ - INFO - Adaptation decision: fan_0pct
2026-03-31 14:53:46,312 - __main__ - INFO - Fan speed: 0%
2026-03-31 14:53:46,312 - __main__ - INFO - Effectiveness: 90.0%
2026-03-31 14:53:46,312 - __main__ - INFO - Fan control: 0%
2026-03-31 14:53:48,317 - __main__ - INFO - 
Trial 2/3
2026-03-31 14:53:48,317 - __main__ - INFO - ----------------------------------------
2026-03-31 14:53:48,317 - __main__ - INFO - Current temperature: 24.3°C
2026-03-31 14:53:48,317 - __main__ - INFO - Fault injected: +5°C → 29.3°C
2026-03-31 14:53:48,317 - modules.adaptation_engine - INFO - [MONITOR] Node 1: T=29.33°C, fan=0.0%, fault=True
2026-03-31 14:53:48,317 - modules.adaptation_engine - INFO - [ANALYZE] Fault: False, Uncertainty: None, Error: None
2026-03-31 14:53:48,317 - __main__ - WARNING - No decision made
2026-03-31 14:53:50,323 - __main__ - INFO - 
Trial 3/3
2026-03-31 14:53:50,323 - __main__ - INFO - ----------------------------------------
2026-03-31 14:53:50,323 - __main__ - INFO - Current temperature: 25.8°C
2026-03-31 14:53:50,324 - __main__ - INFO - Fault injected: +5°C → 30.8°C
2026-03-31 14:53:50,324 - modules.adaptation_engine - INFO - [MONITOR] Node 1: T=30.76°C, fan=0.0%, fault=True
2026-03-31 14:53:50,324 - modules.adaptation_engine - INFO - [ANALYZE] Fault: True, Uncertainty: None, Error: None
2026-03-31 14:53:50,325 - modules.adaptation_engine - INFO - [PLAN] Generated 5 candidates, 5 effective. Best: fan_0pct
2026-03-31 14:53:50,325 - modules.adaptation_engine - INFO - [EXECUTE] Dispatching: fan_0pct (fan 0%) - Effectiveness 90.0%, Cost score 100.0%
2026-03-31 14:53:50,325 - __main__ - INFO - Adaptation decision: fan_0pct
2026-03-31 14:53:50,325 - __main__ - INFO - Fan speed: 0%
2026-03-31 14:53:50,325 - __main__ - INFO - Effectiveness: 90.0%
2026-03-31 14:53:50,325 - __main__ - INFO - Fan control: 0%
2026-03-31 14:53:52,330 - __main__ - INFO - 
E1 Summary: 2/3 trials successful
2026-03-31 14:53:52,344 - __main__ - WARNING - ✗ Backend returned status 404
2026-03-31 14:53:52,345 - __main__ - INFO - Results saved to: /Users/likhithkanigolla/IIITH/code-files/Digital-Twin/digital-twin-v2/demo-board-hardware-code/pi_deployment/results/E1_candidate_selection_20260331_145352.json
